<?xml version="1.0" encoding="UTF-8"?>
<testsuite name="pl.edu.agh.gethere.TripleControllerIntegrationTest" time="1.357" tests="1" errors="1" skipped="0" failures="0">
  <properties>
[...]
</properties>
  <testcase name="getTriple" classname="pl.edu.agh.gethere.TripleControllerIntegrationTest" time="1.357">
    <error message="Could not extract response: no suitable HttpMessageConverter found for response type [class pl.edu.agh.gethere.model.Triple] and content type [text/html;charset=utf-8]" type="org.springframework.web.client.RestClientException">org.springframework.web.client.RestClientException: Could not extract response: no suitable HttpMessageConverter found for response type [class pl.edu.agh.gethere.model.Triple] and content type [text/html;charset=utf-8]
	at org.springframework.web.client.HttpMessageConverterExtractor.extractData(HttpMessageConverterExtractor.java:109)
	at org.springframework.web.client.RestTemplate$ResponseEntityResponseExtractor.extractData(RestTemplate.java:835)
	at org.springframework.web.client.RestTemplate$ResponseEntityResponseExtractor.extractData(RestTemplate.java:819)
	at org.springframework.web.client.RestTemplate.doExecute(RestTemplate.java:599)
	at org.springframework.web.client.RestTemplate.execute(RestTemplate.java:557)
	at org.springframework.web.client.RestTemplate.getForEntity(RestTemplate.java:289)
	at pl.edu.agh.gethere.TripleControllerIntegrationTest.getTriple(TripleControllerIntegrationTest.java:30)
</error>
    <system-out><![CDATA[2016-05-14 19:23:28.584  INFO 1364 --- [           main] o.s.t.c.support.AbstractContextLoader    : Could not detect default resource locations for test class [pl.edu.agh.gethere.TripleControllerIntegrationTest]: no resource found for suffixes {-context.xml, Context.groovy}.
2016-05-14 19:23:28.585  INFO 1364 --- [           main] o.s.t.c.web.WebTestContextBootstrapper   : Could not instantiate TestExecutionListener [org.springframework.test.context.transaction.TransactionalTestExecutionListener]. Specify custom listener classes or make the default listener classes (and their required dependencies) available. Offending class: [org/springframework/transaction/interceptor/TransactionAttributeSource]
2016-05-14 19:23:28.588  INFO 1364 --- [           main] o.s.t.c.web.WebTestContextBootstrapper   : Could not instantiate TestExecutionListener [org.springframework.test.context.jdbc.SqlScriptsTestExecutionListener]. Specify custom listener classes or make the default listener classes (and their required dependencies) available. Offending class: [org/springframework/transaction/interceptor/TransactionAttribute]
2016-05-14 19:23:28.588  INFO 1364 --- [           main] o.s.t.c.web.WebTestContextBootstrapper   : Using TestExecutionListeners: [org.springframework.boot.test.IntegrationTestPropertiesListener@51850751, org.springframework.test.context.support.DirtiesContextBeforeModesTestExecutionListener@3ce3db41, org.springframework.test.context.support.DependencyInjectionTestExecutionListener@64df9a61, org.springframework.test.context.support.DirtiesContextTestExecutionListener@77602954]

  .   ____          _            __ _ _
 /\\ / ___'_ __ _ _(_)_ __  __ _ \ \ \ \
( ( )\___ | '_ | '_| | '_ \/ _` | \ \ \ \
 \\/  ___)| |_)| | | | | || (_| |  ) ) ) )
  '  |____| .__|_| |_|_| |_\__, | / / / /
 =========|_|==============|___/=/_/_/_/
 :: Spring Boot ::        (v1.3.5.RELEASE)

2016-05-14 19:23:29.033  INFO 1364 --- [           main] p.e.a.g.TripleControllerIntegrationTest  : Starting TripleControllerIntegrationTest on MacBook-Pro-Dominik.local with PID 1364 (/Users/Dominik/Documents/IdeaProjects/gethere-server/target/test-classes started by Dominik in /Users/Dominik/Documents/IdeaProjects/gethere-server)
2016-05-14 19:23:29.034  INFO 1364 --- [           main] p.e.a.g.TripleControllerIntegrationTest  : No active profile set, falling back to default profiles: default
2016-05-14 19:23:29.037  INFO 1364 --- [           main] ationConfigEmbeddedWebApplicationContext : Refreshing org.springframework.boot.context.embedded.AnnotationConfigEmbeddedWebApplicationContext@1f130eaf: startup date [Sat May 14 19:23:29 CEST 2016]; root of context hierarchy
2016-05-14 19:23:29.453  INFO 1364 --- [           main] f.a.AutowiredAnnotationBeanPostProcessor : JSR-330 'javax.inject.Inject' annotation found and supported for autowiring
2016-05-14 19:23:29.905  INFO 1364 --- [           main] s.b.c.e.t.TomcatEmbeddedServletContainer : Tomcat initialized with port(s): 9000 (http)
2016-05-14 19:23:29.931  INFO 1364 --- [           main] o.apache.catalina.core.StandardService   : Starting service Tomcat
2016-05-14 19:23:29.933  INFO 1364 --- [           main] org.apache.catalina.core.StandardEngine  : Starting Servlet Engine: Apache Tomcat/8.0.33
2016-05-14 19:23:30.091  INFO 1364 --- [ost-startStop-1] o.a.c.c.C.[Tomcat].[localhost].[/]       : Initializing Spring embedded WebApplicationContext
2016-05-14 19:23:30.091  INFO 1364 --- [ost-startStop-1] o.s.web.context.ContextLoader            : Root WebApplicationContext: initialization completed in 1054 ms
2016-05-14 19:23:30.245  INFO 1364 --- [ost-startStop-1] o.s.b.c.embedded.FilterRegistrationBean  : Mapping filter: 'characterEncodingFilter' to: [/*]
2016-05-14 19:23:30.247  INFO 1364 --- [ost-startStop-1] o.s.b.c.embedded.FilterRegistrationBean  : Mapping filter: 'requestContextFilter' to: [/*]
2016-05-14 19:23:30.248  INFO 1364 --- [ost-startStop-1] o.s.b.c.e.ServletRegistrationBean        : Mapping servlet: 'pl.edu.agh.gethere.controller.JerseyConfig' to [/*]
2016-05-14 19:23:30.615  INFO 1364 --- [           main] s.b.c.e.t.TomcatEmbeddedServletContainer : Tomcat started on port(s): 9000 (http)
2016-05-14 19:23:30.617  INFO 1364 --- [           main] p.e.a.g.TripleControllerIntegrationTest  : Started TripleControllerIntegrationTest in 1.636 seconds (JVM running for 5.251)
]]></system-out>
  </testcase>
</testsuite>